0 info it worked if it ends with ok
1 verbose cli [ '/home/andre/desafio-eits-missoes/target/node/node',
1 verbose cli   '/home/andre/desafio-eits-missoes/target/node/node_modules/npm/bin/npm-cli.js',
1 verbose cli   'install' ]
2 info using npm@3.9.2
3 info using node@v4.4.5
4 silly loadCurrentTree Starting
5 silly install loadCurrentTree
6 silly install readLocalPackageData
7 silly install normalizeTree
8 silly loadCurrentTree Finishing
9 silly loadIdealTree Starting
10 silly install loadIdealTree
11 silly cloneCurrentTree Starting
12 silly install cloneCurrentTreeToIdealTree
13 silly cloneCurrentTree Finishing
14 silly loadShrinkwrap Starting
15 silly install loadShrinkwrap
16 silly loadShrinkwrap Finishing
17 silly loadAllDepsIntoIdealTree Starting
18 silly install loadAllDepsIntoIdealTree
19 silly fetchNamedPackageData babel-plugin-transform-decorators-legacy
20 silly mapToRegistry name babel-plugin-transform-decorators-legacy
21 silly mapToRegistry using default registry
22 silly mapToRegistry registry https://registry.npmjs.org/
23 silly mapToRegistry data Result {
23 silly mapToRegistry   raw: 'babel-plugin-transform-decorators-legacy',
23 silly mapToRegistry   scope: null,
23 silly mapToRegistry   name: 'babel-plugin-transform-decorators-legacy',
23 silly mapToRegistry   rawSpec: '',
23 silly mapToRegistry   spec: 'latest',
23 silly mapToRegistry   type: 'tag' }
24 silly mapToRegistry uri https://registry.npmjs.org/babel-plugin-transform-decorators-legacy
25 verbose request uri https://registry.npmjs.org/babel-plugin-transform-decorators-legacy
26 verbose request no auth needed
27 info attempt registry request try #1 at 1:50:09 PM
28 verbose request id 5ec0be22a07ce21b
29 verbose etag W/"58230e8a-4e2d"
30 verbose lastModified Wed, 09 Nov 2016 11:54:50 GMT
31 http request GET https://registry.npmjs.org/babel-plugin-transform-decorators-legacy
32 http 304 https://registry.npmjs.org/babel-plugin-transform-decorators-legacy
33 verbose headers { date: 'Thu, 01 Dec 2016 15:50:09 GMT',
33 verbose headers   via: '1.1 varnish',
33 verbose headers   'cache-control': 'max-age=300',
33 verbose headers   etag: 'W/"58230e8a-4e2d"',
33 verbose headers   age: '0',
33 verbose headers   connection: 'keep-alive',
33 verbose headers   'x-served-by': 'cache-gru7125-GRU',
33 verbose headers   'x-cache': 'HIT',
33 verbose headers   'x-cache-hits': '1',
33 verbose headers   'x-timer': 'S1480607409.383749,VS0,VE180',
33 verbose headers   vary: 'Accept-Encoding' }
34 silly get cb [ 304,
34 silly get   { date: 'Thu, 01 Dec 2016 15:50:09 GMT',
34 silly get     via: '1.1 varnish',
34 silly get     'cache-control': 'max-age=300',
34 silly get     etag: 'W/"58230e8a-4e2d"',
34 silly get     age: '0',
34 silly get     connection: 'keep-alive',
34 silly get     'x-served-by': 'cache-gru7125-GRU',
34 silly get     'x-cache': 'HIT',
34 silly get     'x-cache-hits': '1',
34 silly get     'x-timer': 'S1480607409.383749,VS0,VE180',
34 silly get     vary: 'Accept-Encoding' } ]
35 verbose etag https://registry.npmjs.org/babel-plugin-transform-decorators-legacy from cache
36 verbose get saving babel-plugin-transform-decorators-legacy to /home/andre/.npm/registry.npmjs.org/babel-plugin-transform-decorators-legacy/.cache.json
37 verbose correctMkdir /home/andre/.npm correctMkdir not in flight; initializing
38 silly fetchNamedPackageData No valid target from cache, forcing network
39 verbose request uri https://registry.npmjs.org/babel-plugin-transform-decorators-legacy
40 verbose request no auth needed
41 info attempt registry request try #1 at 1:50:09 PM
42 http request GET https://registry.npmjs.org/babel-plugin-transform-decorators-legacy
43 http 200 https://registry.npmjs.org/babel-plugin-transform-decorators-legacy
44 verbose headers { server: 'nginx/1.10.1',
44 verbose headers   'content-type': 'application/json',
44 verbose headers   'last-modified': 'Wed, 09 Nov 2016 11:54:50 GMT',
44 verbose headers   etag: 'W/"58230e8a-4e2d"',
44 verbose headers   'content-encoding': 'gzip',
44 verbose headers   'cache-control': 'max-age=300',
44 verbose headers   'content-length': '3149',
44 verbose headers   'accept-ranges': 'bytes',
44 verbose headers   date: 'Thu, 01 Dec 2016 15:50:09 GMT',
44 verbose headers   via: '1.1 varnish',
44 verbose headers   age: '0',
44 verbose headers   connection: 'keep-alive',
44 verbose headers   'x-served-by': 'cache-gru7125-GRU',
44 verbose headers   'x-cache': 'HIT',
44 verbose headers   'x-cache-hits': '2',
44 verbose headers   'x-timer': 'S1480607409.606565,VS0,VE0',
44 verbose headers   vary: 'Accept-Encoding' }
45 silly get cb [ 200,
45 silly get   { server: 'nginx/1.10.1',
45 silly get     'content-type': 'application/json',
45 silly get     'last-modified': 'Wed, 09 Nov 2016 11:54:50 GMT',
45 silly get     etag: 'W/"58230e8a-4e2d"',
45 silly get     'content-encoding': 'gzip',
45 silly get     'cache-control': 'max-age=300',
45 silly get     'content-length': '3149',
45 silly get     'accept-ranges': 'bytes',
45 silly get     date: 'Thu, 01 Dec 2016 15:50:09 GMT',
45 silly get     via: '1.1 varnish',
45 silly get     age: '0',
45 silly get     connection: 'keep-alive',
45 silly get     'x-served-by': 'cache-gru7125-GRU',
45 silly get     'x-cache': 'HIT',
45 silly get     'x-cache-hits': '2',
45 silly get     'x-timer': 'S1480607409.606565,VS0,VE0',
45 silly get     vary: 'Accept-Encoding' } ]
46 verbose get saving babel-plugin-transform-decorators-legacy to /home/andre/.npm/registry.npmjs.org/babel-plugin-transform-decorators-legacy/.cache.json
47 verbose correctMkdir /home/andre/.npm correctMkdir not in flight; initializing
48 silly fetchPackageMetaData Error: No compatible version found: babel-plugin-transform-decorators-legacy@^15.4.1
48 silly fetchPackageMetaData Valid install targets:
48 silly fetchPackageMetaData 1.3.4, 1.3.3, 1.3.2, 1.3.1, 1.3.0, 1.2.0, 1.1.0, 1.0.0, 0.0.0
48 silly fetchPackageMetaData
48 silly fetchPackageMetaData     at pickVersionFromRegistryDocument (/home/andre/desafio-eits-missoes/target/node/node_modules/npm/lib/fetch-package-metadata.js:170:16)
48 silly fetchPackageMetaData     at /home/andre/desafio-eits-missoes/target/node/node_modules/npm/node_modules/iferr/index.js:13:50
48 silly fetchPackageMetaData     at /home/andre/desafio-eits-missoes/target/node/node_modules/npm/lib/utils/pulse-till-done.js:19:8
48 silly fetchPackageMetaData     at saved (/home/andre/desafio-eits-missoes/target/node/node_modules/npm/lib/cache/caching-client.js:174:7)
48 silly fetchPackageMetaData     at /home/andre/desafio-eits-missoes/target/node/node_modules/npm/node_modules/graceful-fs/polyfills.js:210:7
48 silly fetchPackageMetaData     at FSReqWrap.oncomplete (fs.js:82:15)
48 silly fetchPackageMetaData  error for babel-plugin-transform-decorators-legacy@^15.4.1 [Error: No compatible version found: babel-plugin-transform-decorators-legacy@^15.4.1
48 silly fetchPackageMetaData Valid install targets:
48 silly fetchPackageMetaData 1.3.4, 1.3.3, 1.3.2, 1.3.1, 1.3.0, 1.2.0, 1.1.0, 1.0.0, 0.0.0
48 silly fetchPackageMetaData ]
49 silly rollbackFailedOptional Starting
50 silly rollbackFailedOptional Finishing
51 silly runTopLevelLifecycles Starting
52 silly runTopLevelLifecycles Finishing
53 silly install printInstalled
54 verbose stack Error: No compatible version found: babel-plugin-transform-decorators-legacy@^15.4.1
54 verbose stack Valid install targets:
54 verbose stack 1.3.4, 1.3.3, 1.3.2, 1.3.1, 1.3.0, 1.2.0, 1.1.0, 1.0.0, 0.0.0
54 verbose stack
54 verbose stack     at pickVersionFromRegistryDocument (/home/andre/desafio-eits-missoes/target/node/node_modules/npm/lib/fetch-package-metadata.js:170:16)
54 verbose stack     at /home/andre/desafio-eits-missoes/target/node/node_modules/npm/node_modules/iferr/index.js:13:50
54 verbose stack     at /home/andre/desafio-eits-missoes/target/node/node_modules/npm/lib/utils/pulse-till-done.js:19:8
54 verbose stack     at saved (/home/andre/desafio-eits-missoes/target/node/node_modules/npm/lib/cache/caching-client.js:174:7)
54 verbose stack     at /home/andre/desafio-eits-missoes/target/node/node_modules/npm/node_modules/graceful-fs/polyfills.js:210:7
54 verbose stack     at FSReqWrap.oncomplete (fs.js:82:15)
55 verbose cwd /home/andre/desafio-eits-missoes
56 error Linux 4.4.0-51-generic
57 error argv "/home/andre/desafio-eits-missoes/target/node/node" "/home/andre/desafio-eits-missoes/target/node/node_modules/npm/bin/npm-cli.js" "install"
58 error node v4.4.5
59 error npm  v3.9.2
60 error No compatible version found: babel-plugin-transform-decorators-legacy@^15.4.1
60 error Valid install targets:
60 error 1.3.4, 1.3.3, 1.3.2, 1.3.1, 1.3.0, 1.2.0, 1.1.0, 1.0.0, 0.0.0
61 error If you need help, you may report this error at:
61 error     <https://github.com/npm/npm/issues>
62 verbose exit [ 1, true ]
